<?xml version="1.0" encoding="UTF-8"?>
<!-- Generated by org.testng.reporters.JUnitReportReporter -->
<testsuite hostname="NOI-PG037B2M" failures="0" tests="1" name="LsbfsgOnlinePaymentPortal.LsbfPortal.ApplyNowTest" time="5.168" errors="0" timestamp="2025-02-10T13:17:33 IST" skipped="0">
  <testcase classname="LsbfsgOnlinePaymentPortal.LsbfPortal.ApplyNowTest" name="aaplyNowTest" time="5.168"/>
  <system-out>
    <![CDATA[Test Case is Passed]]>
  </system-out>
</testsuite> <!-- LsbfsgOnlinePaymentPortal.LsbfPortal.ApplyNowTest -->
