<?xml version="1.0" encoding="UTF-8"?>
<!-- Generated by org.testng.reporters.JUnitReportReporter -->
<testsuite hostname="NOI-PG037B2M" failures="0" tests="1" name="LsbfsgOnlinePaymentPortal.LsbfPortal.NavigateFeePaymentTest" time="18.109" errors="0" timestamp="2025-02-10T15:45:26 IST" skipped="0">
  <testcase classname="LsbfsgOnlinePaymentPortal.LsbfPortal.NavigateFeePaymentTest" name="NavigateFeePayment" time="18.109">
    <system-out>
      <![CDATA[Test Case is Passed]]>
    </system-out>
  </testcase> <!-- NavigateFeePayment -->
  <system-out>
    <![CDATA[Test Case is Passed]]>
  </system-out>
</testsuite> <!-- LsbfsgOnlinePaymentPortal.LsbfPortal.NavigateFeePaymentTest -->
